{
  message: 'Database connected',
  level: 'info',
  timestamp: '2023-07-04T12:00:36.410Z'
}
{
  message: 'Server listening on port: 5000',
  level: 'info',
  timestamp: '2023-07-04T12:00:36.426Z'
}
{
  message: 'Database connected',
  level: 'info',
  timestamp: '2023-07-04T12:00:47.255Z'
}
{
  message: 'Server listening on port: 5000',
  level: 'info',
  timestamp: '2023-07-04T12:00:47.271Z'
}
{
  message: 'Database connected',
  level: 'info',
  timestamp: '2023-07-04T12:00:54.669Z'
}
{
  message: 'Server listening on port: 5000',
  level: 'info',
  timestamp: '2023-07-04T12:00:54.688Z'
}
{
  message: 'Database connected',
  level: 'info',
  timestamp: '2023-07-04T12:02:11.119Z'
}
{
  message: 'Server listening on port: 5000',
  level: 'info',
  timestamp: '2023-07-04T12:02:11.135Z'
}
